<?xml version="1.0" encoding="UTF-8"?>
<testsuite xmlns:xsi="http://www.w3.org/2001/XMLSchema-instance" xsi:noNamespaceSchemaLocation="https://maven.apache.org/surefire/maven-surefire-plugin/xsd/surefire-test-report.xsd" name="TestSuite" time="0.479" tests="0" errors="0" skipped="0" failures="0">
  <properties>
    <property name="java.specification.version" value="24"/>
    <property name="sun.cpu.isalist" value="amd64"/>
    <property name="sun.jnu.encoding" value="Cp1252"/>
    <property name="java.class.path" value="C:\Users\madis\Downloads\restassured-framework\target\test-classes;C:\Users\madis\Downloads\restassured-framework\target\classes;C:\Users\madis\.m2\repository\io\rest-assured\rest-assured\5.3.1\rest-assured-5.3.1.jar;C:\Users\madis\.m2\repository\org\apache\groovy\groovy\4.0.11\groovy-4.0.11.jar;C:\Users\madis\.m2\repository\org\apache\groovy\groovy-xml\4.0.11\groovy-xml-4.0.11.jar;C:\Users\madis\.m2\repository\org\apache\httpcomponents\httpclient\4.5.13\httpclient-4.5.13.jar;C:\Users\madis\.m2\repository\org\apache\httpcomponents\httpcore\4.4.13\httpcore-4.4.13.jar;C:\Users\madis\.m2\repository\commons-logging\commons-logging\1.2\commons-logging-1.2.jar;C:\Users\madis\.m2\repository\commons-codec\commons-codec\1.11\commons-codec-1.11.jar;C:\Users\madis\.m2\repository\org\apache\httpcomponents\httpmime\4.5.13\httpmime-4.5.13.jar;C:\Users\madis\.m2\repository\org\ccil\cowan\tagsoup\tagsoup\1.2.1\tagsoup-1.2.1.jar;C:\Users\madis\.m2\repository\io\rest-assured\json-path\5.3.1\json-path-5.3.1.jar;C:\Users\madis\.m2\repository\org\apache\groovy\groovy-json\4.0.11\groovy-json-4.0.11.jar;C:\Users\madis\.m2\repository\io\rest-assured\rest-assured-common\5.3.1\rest-assured-common-5.3.1.jar;C:\Users\madis\.m2\repository\io\rest-assured\xml-path\5.3.1\xml-path-5.3.1.jar;C:\Users\madis\.m2\repository\org\apache\commons\commons-lang3\3.11\commons-lang3-3.11.jar;C:\Users\madis\.m2\repository\org\junit\jupiter\junit-jupiter-engine\5.9.3\junit-jupiter-engine-5.9.3.jar;C:\Users\madis\.m2\repository\org\junit\platform\junit-platform-engine\1.9.3\junit-platform-engine-1.9.3.jar;C:\Users\madis\.m2\repository\org\opentest4j\opentest4j\1.2.0\opentest4j-1.2.0.jar;C:\Users\madis\.m2\repository\org\junit\platform\junit-platform-commons\1.9.3\junit-platform-commons-1.9.3.jar;C:\Users\madis\.m2\repository\org\junit\jupiter\junit-jupiter-api\5.9.3\junit-jupiter-api-5.9.3.jar;C:\Users\madis\.m2\repository\org\apiguardian\apiguardian-api\1.1.2\apiguardian-api-1.1.2.jar;C:\Users\madis\.m2\repository\org\hamcrest\hamcrest\2.2\hamcrest-2.2.jar;C:\Users\madis\.m2\repository\io\qameta\allure\allure-testng\2.27.0\allure-testng-2.27.0.jar;C:\Users\madis\.m2\repository\io\qameta\allure\allure-java-commons\2.27.0\allure-java-commons-2.27.0.jar;C:\Users\madis\.m2\repository\org\slf4j\slf4j-api\1.7.36\slf4j-api-1.7.36.jar;C:\Users\madis\.m2\repository\io\qameta\allure\allure-model\2.27.0\allure-model-2.27.0.jar;C:\Users\madis\.m2\repository\org\testng\testng\6.14.3\testng-6.14.3.jar;C:\Users\madis\.m2\repository\com\beust\jcommander\1.72\jcommander-1.72.jar;C:\Users\madis\.m2\repository\org\apache-extras\beanshell\bsh\2.0b6\bsh-2.0b6.jar;C:\Users\madis\.m2\repository\io\qameta\allure\allure-test-filter\2.27.0\allure-test-filter-2.27.0.jar;"/>
    <property name="java.vm.vendor" value="Oracle Corporation"/>
    <property name="sun.arch.data.model" value="64"/>
    <property name="user.variant" value=""/>
    <property name="java.vendor.url" value="https://java.oracle.com/"/>
    <property name="user.timezone" value="Europe/London"/>
    <property name="os.name" value="Windows 11"/>
    <property name="java.vm.specification.version" value="24"/>
    <property name="sun.java.launcher" value="SUN_STANDARD"/>
    <property name="user.country" value="GB"/>
    <property name="sun.boot.library.path" value="C:\Users\madis\.jdks\openjdk-24.0.1\bin"/>
    <property name="sun.java.command" value="C:\Users\madis\AppData\Local\Temp\surefire1392323942268719469\surefirebooter5297608871103574943.jar C:\Users\madis\AppData\Local\Temp\surefire1392323942268719469 2025-05-08T12-31-28_801-jvmRun1 surefire14178258037281530186tmp surefire_09587185879097198566tmp"/>
    <property name="jdk.debug" value="release"/>
    <property name="surefire.test.class.path" value="C:\Users\madis\Downloads\restassured-framework\target\test-classes;C:\Users\madis\Downloads\restassured-framework\target\classes;C:\Users\madis\.m2\repository\io\rest-assured\rest-assured\5.3.1\rest-assured-5.3.1.jar;C:\Users\madis\.m2\repository\org\apache\groovy\groovy\4.0.11\groovy-4.0.11.jar;C:\Users\madis\.m2\repository\org\apache\groovy\groovy-xml\4.0.11\groovy-xml-4.0.11.jar;C:\Users\madis\.m2\repository\org\apache\httpcomponents\httpclient\4.5.13\httpclient-4.5.13.jar;C:\Users\madis\.m2\repository\org\apache\httpcomponents\httpcore\4.4.13\httpcore-4.4.13.jar;C:\Users\madis\.m2\repository\commons-logging\commons-logging\1.2\commons-logging-1.2.jar;C:\Users\madis\.m2\repository\commons-codec\commons-codec\1.11\commons-codec-1.11.jar;C:\Users\madis\.m2\repository\org\apache\httpcomponents\httpmime\4.5.13\httpmime-4.5.13.jar;C:\Users\madis\.m2\repository\org\ccil\cowan\tagsoup\tagsoup\1.2.1\tagsoup-1.2.1.jar;C:\Users\madis\.m2\repository\io\rest-assured\json-path\5.3.1\json-path-5.3.1.jar;C:\Users\madis\.m2\repository\org\apache\groovy\groovy-json\4.0.11\groovy-json-4.0.11.jar;C:\Users\madis\.m2\repository\io\rest-assured\rest-assured-common\5.3.1\rest-assured-common-5.3.1.jar;C:\Users\madis\.m2\repository\io\rest-assured\xml-path\5.3.1\xml-path-5.3.1.jar;C:\Users\madis\.m2\repository\org\apache\commons\commons-lang3\3.11\commons-lang3-3.11.jar;C:\Users\madis\.m2\repository\org\junit\jupiter\junit-jupiter-engine\5.9.3\junit-jupiter-engine-5.9.3.jar;C:\Users\madis\.m2\repository\org\junit\platform\junit-platform-engine\1.9.3\junit-platform-engine-1.9.3.jar;C:\Users\madis\.m2\repository\org\opentest4j\opentest4j\1.2.0\opentest4j-1.2.0.jar;C:\Users\madis\.m2\repository\org\junit\platform\junit-platform-commons\1.9.3\junit-platform-commons-1.9.3.jar;C:\Users\madis\.m2\repository\org\junit\jupiter\junit-jupiter-api\5.9.3\junit-jupiter-api-5.9.3.jar;C:\Users\madis\.m2\repository\org\apiguardian\apiguardian-api\1.1.2\apiguardian-api-1.1.2.jar;C:\Users\madis\.m2\repository\org\hamcrest\hamcrest\2.2\hamcrest-2.2.jar;C:\Users\madis\.m2\repository\io\qameta\allure\allure-testng\2.27.0\allure-testng-2.27.0.jar;C:\Users\madis\.m2\repository\io\qameta\allure\allure-java-commons\2.27.0\allure-java-commons-2.27.0.jar;C:\Users\madis\.m2\repository\org\slf4j\slf4j-api\1.7.36\slf4j-api-1.7.36.jar;C:\Users\madis\.m2\repository\io\qameta\allure\allure-model\2.27.0\allure-model-2.27.0.jar;C:\Users\madis\.m2\repository\org\testng\testng\6.14.3\testng-6.14.3.jar;C:\Users\madis\.m2\repository\com\beust\jcommander\1.72\jcommander-1.72.jar;C:\Users\madis\.m2\repository\org\apache-extras\beanshell\bsh\2.0b6\bsh-2.0b6.jar;C:\Users\madis\.m2\repository\io\qameta\allure\allure-test-filter\2.27.0\allure-test-filter-2.27.0.jar;"/>
    <property name="sun.cpu.endian" value="little"/>
    <property name="user.home" value="C:\Users\madis"/>
    <property name="user.language" value="en"/>
    <property name="java.specification.vendor" value="Oracle Corporation"/>
    <property name="java.version.date" value="2025-04-15"/>
    <property name="java.home" value="C:\Users\madis\.jdks\openjdk-24.0.1"/>
    <property name="file.separator" value="\"/>
    <property name="basedir" value="C:\Users\madis\Downloads\restassured-framework"/>
    <property name="java.vm.compressedOopsMode" value="32-bit"/>
    <property name="line.separator" value="&#10;"/>
    <property name="java.vm.specification.vendor" value="Oracle Corporation"/>
    <property name="java.specification.name" value="Java Platform API Specification"/>
    <property name="surefire.real.class.path" value="C:\Users\madis\AppData\Local\Temp\surefire1392323942268719469\surefirebooter5297608871103574943.jar"/>
    <property name="user.script" value=""/>
    <property name="sun.management.compiler" value="HotSpot 64-Bit Tiered Compilers"/>
    <property name="java.runtime.version" value="24.0.1+9-30"/>
    <property name="user.name" value="madis"/>
    <property name="stdout.encoding" value="Cp1252"/>
    <property name="path.separator" value=";"/>
    <property name="os.version" value="10.0"/>
    <property name="java.runtime.name" value="OpenJDK Runtime Environment"/>
    <property name="file.encoding" value="UTF-8"/>
    <property name="java.vm.name" value="OpenJDK 64-Bit Server VM"/>
    <property name="localRepository" value="C:\Users\madis\.m2\repository"/>
    <property name="java.vendor.url.bug" value="https://bugreport.java.com/bugreport/"/>
    <property name="java.io.tmpdir" value="C:\Users\madis\AppData\Local\Temp\"/>
    <property name="idea.version" value="2025.1"/>
    <property name="java.version" value="24.0.1"/>
    <property name="user.dir" value="C:\Users\madis\Downloads\restassured-framework"/>
    <property name="os.arch" value="amd64"/>
    <property name="java.vm.specification.name" value="Java Virtual Machine Specification"/>
    <property name="sun.os.patch.level" value=""/>
    <property name="native.encoding" value="Cp1252"/>
    <property name="java.library.path" value="C:\Users\madis\.jdks\openjdk-24.0.1\bin;C:\WINDOWS\Sun\Java\bin;C:\WINDOWS\system32;C:\WINDOWS;C:\Program Files\Python310\Scripts\;C:\Program Files\Python310\;C:\WINDOWS\system32;C:\WINDOWS;C:\WINDOWS\System32\Wbem;C:\WINDOWS\System32\WindowsPowerShell\v1.0\;C:\WINDOWS\System32\OpenSSH\;C:\Program Files\MySQL\MySQL Server 8.0\bin;C:\Program Files (x86)\dotnet\;C:\Program Files\dotnet\;C:\Users\madis\AppData\Local\Microsoft\WindowsApps;C:\Users\madis\AppData\Local\Programs\Microsoft VS Code\bin;C:\Program Files\JetBrains\PyCharm Community Edition 2021.2.3\bin;;C:\Users\madis\AppData\Local\GitHubDesktop\bin;;C:\Program Files\JetBrains\DataGrip 2024.3.4\bin;;C:\Program Files\JetBrains\IntelliJ IDEA Community Edition 2025.1\bin;;."/>
    <property name="java.vm.info" value="mixed mode, sharing"/>
    <property name="stderr.encoding" value="Cp1252"/>
    <property name="java.vendor" value="Oracle Corporation"/>
    <property name="java.vm.version" value="24.0.1+9-30"/>
    <property name="sun.io.unicode.encoding" value="UnicodeLittle"/>
    <property name="java.class.version" value="68.0"/>
  </properties>
</testsuite>